<?xml version="1.0" encoding="UTF-8"?>
<testng-results skipped="0" failed="0" ignored="0" total="1" passed="1">
  <reporter-output>
    <line>
      <![CDATA[Successfully enter username into textFiled]]>
    </line>
    <line>
      <![CDATA[Successfully enter password into textFiled]]>
    </line>
    <line>
      <![CDATA[Leave status is verified]]>
    </line>
  </reporter-output>
  <suite name="Default suite" duration-ms="38351" started-at="2021-09-14T17:01:26 IST" finished-at="2021-09-14T17:02:04 IST">
    <groups>
    </groups>
    <test name="Default test" duration-ms="38351" started-at="2021-09-14T17:01:26 IST" finished-at="2021-09-14T17:02:04 IST">
      <class name="leave.Tc12Test">
        <test-method status="PASS" signature="preCondition()[pri:0, instance:leave.Tc12Test@7b69c6ba]" name="preCondition" is-config="true" duration-ms="14519" started-at="2021-09-14T17:01:26 IST" finished-at="2021-09-14T17:01:40 IST">
          <reporter-output>
          </reporter-output>
        </test-method> <!-- preCondition -->
        <test-method status="PASS" signature="loginCredentials()[pri:0, instance:leave.Tc12Test@7b69c6ba]" name="loginCredentials" is-config="true" duration-ms="13122" started-at="2021-09-14T17:01:41 IST" finished-at="2021-09-14T17:01:54 IST">
          <reporter-output>
            <line>
              <![CDATA[Successfully enter username into textFiled]]>
            </line>
            <line>
              <![CDATA[Successfully enter password into textFiled]]>
            </line>
          </reporter-output>
        </test-method> <!-- loginCredentials -->
        <test-method status="PASS" signature="leave()[pri:0, instance:leave.Tc12Test@7b69c6ba]" name="leave" duration-ms="8822" started-at="2021-09-14T17:01:54 IST" finished-at="2021-09-14T17:02:02 IST">
          <reporter-output>
            <line>
              <![CDATA[Leave status is verified]]>
            </line>
          </reporter-output>
        </test-method> <!-- leave -->
        <test-method status="PASS" signature="logout()[pri:0, instance:leave.Tc12Test@7b69c6ba]" name="logout" is-config="true" duration-ms="1157" started-at="2021-09-14T17:02:02 IST" finished-at="2021-09-14T17:02:04 IST">
          <reporter-output>
          </reporter-output>
        </test-method> <!-- logout -->
        <test-method status="PASS" signature="postCondition()[pri:0, instance:leave.Tc12Test@7b69c6ba]" name="postCondition" is-config="true" duration-ms="682" started-at="2021-09-14T17:02:04 IST" finished-at="2021-09-14T17:02:04 IST">
          <reporter-output>
          </reporter-output>
        </test-method> <!-- postCondition -->
      </class> <!-- leave.Tc12Test -->
    </test> <!-- Default test -->
  </suite> <!-- Default suite -->
</testng-results>
