<?xml version="1.0" encoding="UTF-8"?>
<testng-results skipped="0" failed="0" ignored="0" total="1" passed="1">
  <reporter-output>
    <line>
      <![CDATA[Successfully enter username into textFiled]]>
    </line>
    <line>
      <![CDATA[Successfully enter password into textFiled]]>
    </line>
    <line>
      <![CDATA[Directory Page is Displayed]]>
    </line>
    <line>
      <![CDATA[User found]]>
    </line>
  </reporter-output>
  <suite name="Default suite" duration-ms="34853" started-at="2021-09-13T17:48:34 IST" finished-at="2021-09-13T17:49:09 IST">
    <groups>
    </groups>
    <test name="Default test" duration-ms="34853" started-at="2021-09-13T17:48:34 IST" finished-at="2021-09-13T17:49:09 IST">
      <class name="directory.Tc14Test">
        <test-method status="PASS" signature="preCondition()[pri:0, instance:directory.Tc14Test@7b69c6ba]" name="preCondition" is-config="true" duration-ms="12908" started-at="2021-09-13T17:48:34 IST" finished-at="2021-09-13T17:48:47 IST">
          <reporter-output>
          </reporter-output>
        </test-method> <!-- preCondition -->
        <test-method status="PASS" signature="loginCredentials()[pri:0, instance:directory.Tc14Test@7b69c6ba]" name="loginCredentials" is-config="true" duration-ms="6684" started-at="2021-09-13T17:48:47 IST" finished-at="2021-09-13T17:48:53 IST">
          <reporter-output>
            <line>
              <![CDATA[Successfully enter username into textFiled]]>
            </line>
            <line>
              <![CDATA[Successfully enter password into textFiled]]>
            </line>
          </reporter-output>
        </test-method> <!-- loginCredentials -->
        <test-method status="PASS" signature="directory()[pri:0, instance:directory.Tc14Test@7b69c6ba]" name="directory" duration-ms="12889" started-at="2021-09-13T17:48:53 IST" finished-at="2021-09-13T17:49:06 IST">
          <reporter-output>
            <line>
              <![CDATA[Directory Page is Displayed]]>
            </line>
            <line>
              <![CDATA[User found]]>
            </line>
          </reporter-output>
        </test-method> <!-- directory -->
        <test-method status="PASS" signature="logout()[pri:0, instance:directory.Tc14Test@7b69c6ba]" name="logout" is-config="true" duration-ms="1160" started-at="2021-09-13T17:49:06 IST" finished-at="2021-09-13T17:49:08 IST">
          <reporter-output>
          </reporter-output>
        </test-method> <!-- logout -->
        <test-method status="PASS" signature="postCondition()[pri:0, instance:directory.Tc14Test@7b69c6ba]" name="postCondition" is-config="true" duration-ms="1158" started-at="2021-09-13T17:49:08 IST" finished-at="2021-09-13T17:49:09 IST">
          <reporter-output>
          </reporter-output>
        </test-method> <!-- postCondition -->
      </class> <!-- directory.Tc14Test -->
    </test> <!-- Default test -->
  </suite> <!-- Default suite -->
</testng-results>
